--- Starting NanoRT GUI at Thu Oct  2 12:43:44 PM PDT 2025 ---
/mnt/Drive20T/scripts/metaRT/nano_gui/gui_runner.sh: line 20: conda: command not found
/mnt/Drive20T/scripts/metaRT/nano_gui/gui_runner.sh: line 23: conda: command not found
Attempted to activate conda environment.
Executing python script...
Traceback (most recent call last):
  File "/mnt/Drive20T/scripts/metaRT/nano_gui/nanort_gui.py", line 5, in <module>
    from PyQt6.QtWidgets import (QApplication, QMainWindow, QWidget, QHBoxLayout, 
ModuleNotFoundError: No module named 'PyQt6'
--- Python script finished with exit code: 1 ---
--- Starting NanoRT GUI at Thu Oct  2 12:44:56 PM PDT 2025 ---
/mnt/Drive20T/scripts/metaRT/nano_gui/gui_runner.sh: line 23: conda: command not found
/mnt/Drive20T/scripts/metaRT/nano_gui/gui_runner.sh: line 26: conda: command not found
Attempted to activate conda environment.
Executing python script...
Traceback (most recent call last):
  File "/mnt/Drive20T/scripts/metaRT/nano_gui/nanort_gui.py", line 5, in <module>
    from PyQt6.QtWidgets import (QApplication, QMainWindow, QWidget, QHBoxLayout, 
ModuleNotFoundError: No module named 'PyQt6'
--- Python script finished with exit code: 1 ---
--- Starting NanoRT GUI at Thu Oct  2 12:45:55 PM PDT 2025 ---
/mnt/Drive20T/scripts/metaRT/nano_gui/gui_runner.sh: line 23: conda: command not found
/mnt/Drive20T/scripts/metaRT/nano_gui/gui_runner.sh: line 26: conda: command not found
Attempted to activate conda environment.
Executing python script...
Traceback (most recent call last):
  File "/mnt/Drive20T/scripts/metaRT/nano_gui/nanort_gui.py", line 5, in <module>
    from PyQt6.QtWidgets import (QApplication, QMainWindow, QWidget, QHBoxLayout, 
ModuleNotFoundError: No module named 'PyQt6'
--- Python script finished with exit code: 1 ---
--- Starting NanoRT GUI at Thu Oct  2 12:47:59 PM PDT 2025 ---
Using Python executable: /home/atorres/miniforge3/envs/nanort-nf/bin/python
Executing python script...
--- Python script finished with exit code: 0 ---
--- Starting NanoRT GUI at Thu Oct  2 12:51:53 PM PDT 2025 ---
Using Python executable: /home/atorres/miniforge3/envs/nanort-nf/bin/python
Executing python script...
--- Python script finished with exit code: 0 ---
--- Starting NanoRT GUI at Thu Oct  2 12:55:16 PM PDT 2025 ---
Using Python executable: /home/atorres/miniforge3/envs/nanort-nf/bin/python
Executing python script...
--- Python script finished with exit code: 0 ---
--- Starting NanoRT GUI at Thu Oct  2 01:00:59 PM PDT 2025 ---
Using Python executable: /home/atorres/miniforge3/envs/nanort-nf/bin/python
Executing python script...
--- Python script finished with exit code: 0 ---
--- Starting NanoRT GUI at Thu Oct  2 01:03:06 PM PDT 2025 ---
Using Python executable: /home/atorres/miniforge3/envs/nanort-nf/bin/python
Executing python script...
--- Python script finished with exit code: 0 ---
--- Starting NanoRT GUI at Thu Oct  2 01:03:12 PM PDT 2025 ---
Using Python executable: /home/atorres/miniforge3/envs/nanort-nf/bin/python
Executing python script...
--- Python script finished with exit code: 0 ---
--- Starting NanoRT GUI at Fri Oct  3 12:40:19 PM PDT 2025 ---
Using Java version:
openjdk version "11.0.25" 2024-10-15
OpenJDK Runtime Environment (build 11.0.25+9-post-Ubuntu-1ubuntu122.04)
OpenJDK 64-Bit Server VM (build 11.0.25+9-post-Ubuntu-1ubuntu122.04, mixed mode, sharing)
Using Python executable: /home/atorres/miniforge3/envs/nanort-nf/bin/python
Executing python script...
--- Python script finished with exit code: 0 ---
--- Starting NanoRT GUI at Fri Oct  3 12:41:04 PM PDT 2025 ---
Using Java version:
openjdk version "11.0.25" 2024-10-15
OpenJDK Runtime Environment (build 11.0.25+9-post-Ubuntu-1ubuntu122.04)
OpenJDK 64-Bit Server VM (build 11.0.25+9-post-Ubuntu-1ubuntu122.04, mixed mode, sharing)
Using Python executable: /home/atorres/miniforge3/envs/nanort-nf/bin/python
Executing python script...
--- Python script finished with exit code: 0 ---
--- Starting NanoRT GUI at Fri Oct  3 03:08:52 PM PDT 2025 ---
Using Java version:
openjdk version "11.0.25" 2024-10-15
OpenJDK Runtime Environment (build 11.0.25+9-post-Ubuntu-1ubuntu122.04)
OpenJDK 64-Bit Server VM (build 11.0.25+9-post-Ubuntu-1ubuntu122.04, mixed mode, sharing)
Using Python executable: /home/atorres/miniforge3/envs/nanort-nf/bin/python
Executing python script...
--- Python script finished with exit code: 0 ---
--- Starting NanoRT GUI at Mon Oct  6 09:39:05 AM PDT 2025 ---
Using Java version:
openjdk version "11.0.25" 2024-10-15
OpenJDK Runtime Environment (build 11.0.25+9-post-Ubuntu-1ubuntu122.04)
OpenJDK 64-Bit Server VM (build 11.0.25+9-post-Ubuntu-1ubuntu122.04, mixed mode, sharing)
Using Python executable: /home/atorres/miniforge3/envs/nanort-nf/bin/python
Executing python script...
--- Python script finished with exit code: 0 ---
--- Starting NanoRT GUI at Mon Oct  6 09:42:33 AM PDT 2025 ---
Using Java version:
openjdk version "11.0.25" 2024-10-15
OpenJDK Runtime Environment (build 11.0.25+9-post-Ubuntu-1ubuntu122.04)
OpenJDK 64-Bit Server VM (build 11.0.25+9-post-Ubuntu-1ubuntu122.04, mixed mode, sharing)
Using Python executable: /home/atorres/miniforge3/envs/nanort-nf/bin/python
Executing python script...
--- Python script finished with exit code: 0 ---
--- Starting NanoRT GUI at Mon Oct  6 09:56:21 AM PDT 2025 ---
ERROR: Bundled Java not found at /mnt/Drive20T/scripts/metaRT/nano_gui/../nextflow_pipeline/bin/java-17
Using Java version:
openjdk version "11.0.25" 2024-10-15
OpenJDK Runtime Environment (build 11.0.25+9-post-Ubuntu-1ubuntu122.04)
OpenJDK 64-Bit Server VM (build 11.0.25+9-post-Ubuntu-1ubuntu122.04, mixed mode, sharing)
Using Python executable: /home/atorres/miniforge3/envs/nanort-nf/bin/python
Executing python script...
--- Python script finished with exit code: 0 ---
--- Starting NanoRT GUI at Mon Oct  6 10:01:57 AM PDT 2025 ---
Found bundled Java at: /mnt/Drive20T/scripts/metaRT/nano_gui/../nextflow_pipeline/bin/java-24
Using Java version:
openjdk version "24.0.2" 2025-07-15
OpenJDK Runtime Environment Temurin-24.0.2+12 (build 24.0.2+12)
OpenJDK 64-Bit Server VM Temurin-24.0.2+12 (build 24.0.2+12, mixed mode, sharing)
Using Python executable: /home/atorres/miniforge3/envs/nanort-nf/bin/python
Executing python script...
--- Starting NanoRT GUI at Mon Oct  6 10:25:39 AM PDT 2025 ---
ERROR: Bundled Java not found at /mnt/Drive20T/scripts/metaRT/nano_gui/../nextflow_pipeline/bin/java-17
Using Java version:
openjdk version "11.0.25" 2024-10-15
OpenJDK Runtime Environment (build 11.0.25+9-post-Ubuntu-1ubuntu122.04)
OpenJDK 64-Bit Server VM (build 11.0.25+9-post-Ubuntu-1ubuntu122.04, mixed mode, sharing)
Found bundled Conda environment at: /mnt/Drive20T/scripts/metaRT/nano_gui/../nextflow_pipeline/bin/conda-env
Updated PATH to include Conda binaries.
Using Python executable: /mnt/Drive20T/scripts/metaRT/nano_gui/../nextflow_pipeline/bin/conda-env/bin/python
Executing python script...
--- Python script finished with exit code: 0 ---
--- Starting NanoRT GUI at Mon Oct  6 10:43:26 AM PDT 2025 ---
ERROR: Bundled Java not found at /mnt/Drive20T/scripts/metaRT/nano_gui/../nextflow_pipeline/bin/java-17
Using Java version:
openjdk version "11.0.25" 2024-10-15
OpenJDK Runtime Environment (build 11.0.25+9-post-Ubuntu-1ubuntu122.04)
OpenJDK 64-Bit Server VM (build 11.0.25+9-post-Ubuntu-1ubuntu122.04, mixed mode, sharing)
Found bundled Conda environment at: /mnt/Drive20T/scripts/metaRT/nano_gui/../nextflow_pipeline/bin/conda-env
Updated PATH to include Conda binaries.
Using Python executable: /mnt/Drive20T/scripts/metaRT/nano_gui/../nextflow_pipeline/bin/conda-env/bin/python
Executing python script...
--- Python script finished with exit code: 0 ---
--- Starting NanoRT GUI at Mon Oct  6 11:09:00 AM PDT 2025 ---
ERROR: Bundled Java not found at /mnt/Drive20T/scripts/metaRT/nano_gui/../nextflow_pipeline/bin/java-17
Using Java version:
openjdk version "11.0.25" 2024-10-15
OpenJDK Runtime Environment (build 11.0.25+9-post-Ubuntu-1ubuntu122.04)
OpenJDK 64-Bit Server VM (build 11.0.25+9-post-Ubuntu-1ubuntu122.04, mixed mode, sharing)
Found bundled Conda environment at: /mnt/Drive20T/scripts/metaRT/nano_gui/../nextflow_pipeline/bin/conda-env
Updated PATH to include Conda binaries.
Using Python executable: /mnt/Drive20T/scripts/metaRT/nano_gui/../nextflow_pipeline/bin/conda-env/bin/python
Executing python script...
--- Python script finished with exit code: 0 ---
--- Starting NanoRT GUI at Mon Oct  6 11:42:10 AM PDT 2025 ---
ERROR: Bundled Java not found at /mnt/Drive20T/scripts/metaRT/nano_gui/../nextflow_pipeline/bin/java-17
Using Java version:
openjdk version "11.0.25" 2024-10-15
OpenJDK Runtime Environment (build 11.0.25+9-post-Ubuntu-1ubuntu122.04)
OpenJDK 64-Bit Server VM (build 11.0.25+9-post-Ubuntu-1ubuntu122.04, mixed mode, sharing)
Found bundled Conda environment at: /mnt/Drive20T/scripts/metaRT/nano_gui/../nextflow_pipeline/bin/conda-env
Updated PATH to include Conda binaries.
Using Python executable: /mnt/Drive20T/scripts/metaRT/nano_gui/../nextflow_pipeline/bin/conda-env/bin/python
Executing python script...
--- Python script finished with exit code: 0 ---
--- Starting NanoRT GUI at Mon Oct  6 05:00:14 PM PDT 2025 ---
--- Starting NanoRT GUI at Mon Oct  6 05:00:14 PM PDT 2025 ---
ERROR: Bundled Java not found at /mnt/Drive20T/scripts/metaRT/nano_gui/../nextflow_pipeline/bin/java-17
Using Java version:
ERROR: Bundled Java not found at /mnt/Drive20T/scripts/metaRT/nano_gui/../nextflow_pipeline/bin/java-17
Using Java version:
openjdk version "11.0.25" 2024-10-15
OpenJDK Runtime Environment (build 11.0.25+9-post-Ubuntu-1ubuntu122.04)
OpenJDK 64-Bit Server VM (build 11.0.25+9-post-Ubuntu-1ubuntu122.04, mixed mode, sharing)
openjdk version "11.0.25" 2024-10-15
OpenJDK Runtime Environment (build 11.0.25+9-post-Ubuntu-1ubuntu122.04)
OpenJDK 64-Bit Server VM (build 11.0.25+9-post-Ubuntu-1ubuntu122.04, mixed mode, sharing)
Found bundled Conda environment at: /mnt/Drive20T/scripts/metaRT/nano_gui/../nextflow_pipeline/bin/conda-env
Updated PATH to include Conda binaries.
Using Python executable: /mnt/Drive20T/scripts/metaRT/nano_gui/../nextflow_pipeline/bin/conda-env/bin/python
Executing python script...
Found bundled Conda environment at: /mnt/Drive20T/scripts/metaRT/nano_gui/../nextflow_pipeline/bin/conda-env
Updated PATH to include Conda binaries.
Using Python executable: /mnt/Drive20T/scripts/metaRT/nano_gui/../nextflow_pipeline/bin/conda-env/bin/python
Executing python script...
--- Python script finished with exit code: 0 ---
QProcess: Destroyed while process ("/mnt/Drive20T/scripts/metaRT/nano_gui/../nextflow_pipeline/bin/conda-env/bin/python") is still running.
--- Python script finished with exit code: 0 ---
--- Starting NanoRT GUI at Mon Oct 13 02:32:54 PM PDT 2025 ---
ERROR: Bundled Java not found at /mnt/Drive20T/scripts/metaRT/nano_gui/../nextflow_pipeline/bin/java-17
Using Java version:
openjdk version "11.0.25" 2024-10-15
OpenJDK Runtime Environment (build 11.0.25+9-post-Ubuntu-1ubuntu122.04)
OpenJDK 64-Bit Server VM (build 11.0.25+9-post-Ubuntu-1ubuntu122.04, mixed mode, sharing)
Found bundled Conda environment at: /mnt/Drive20T/scripts/metaRT/nano_gui/../nextflow_pipeline/bin/conda-env
Updated PATH to include Conda binaries.
Using Python executable: /mnt/Drive20T/scripts/metaRT/nano_gui/../nextflow_pipeline/bin/conda-env/bin/python
Executing python script...
Traceback (most recent call last):
  File "/mnt/Drive20T/scripts/metaRT/nano_gui/nanort_gui.py", line 14, in <module>
    from ui_windows.accumulation import AccumulationWindow
  File "/mnt/Drive20T/scripts/metaRT/nano_gui/ui_windows/accumulation.py", line 5, in <module>
    from interactive_plots.cumulative_widget import CumulativePlot
  File "/mnt/Drive20T/scripts/metaRT/nano_gui/interactive_plots/cumulative_widget.py", line 7, in <module>
    from .interactive_plot_widget import InteractivePlotWidget, MplCanvas
ImportError: cannot import name 'MplCanvas' from 'interactive_plots.interactive_plot_widget' (/mnt/Drive20T/scripts/metaRT/nano_gui/interactive_plots/interactive_plot_widget.py)
--- Python script finished with exit code: 1 ---
--- Starting NanoRT GUI at Mon Oct 13 02:33:03 PM PDT 2025 ---
ERROR: Bundled Java not found at /mnt/Drive20T/scripts/metaRT/nano_gui/../nextflow_pipeline/bin/java-17
Using Java version:
openjdk version "11.0.25" 2024-10-15
OpenJDK Runtime Environment (build 11.0.25+9-post-Ubuntu-1ubuntu122.04)
OpenJDK 64-Bit Server VM (build 11.0.25+9-post-Ubuntu-1ubuntu122.04, mixed mode, sharing)
Found bundled Conda environment at: /mnt/Drive20T/scripts/metaRT/nano_gui/../nextflow_pipeline/bin/conda-env
Updated PATH to include Conda binaries.
Using Python executable: /mnt/Drive20T/scripts/metaRT/nano_gui/../nextflow_pipeline/bin/conda-env/bin/python
Executing python script...
Traceback (most recent call last):
  File "/mnt/Drive20T/scripts/metaRT/nano_gui/nanort_gui.py", line 14, in <module>
    from ui_windows.accumulation import AccumulationWindow
  File "/mnt/Drive20T/scripts/metaRT/nano_gui/ui_windows/accumulation.py", line 5, in <module>
    from interactive_plots.cumulative_widget import CumulativePlot
  File "/mnt/Drive20T/scripts/metaRT/nano_gui/interactive_plots/cumulative_widget.py", line 7, in <module>
    from .interactive_plot_widget import InteractivePlotWidget, MplCanvas
ImportError: cannot import name 'MplCanvas' from 'interactive_plots.interactive_plot_widget' (/mnt/Drive20T/scripts/metaRT/nano_gui/interactive_plots/interactive_plot_widget.py)
--- Python script finished with exit code: 1 ---
--- Starting NanoRT GUI at Mon Oct 13 02:33:47 PM PDT 2025 ---
ERROR: Bundled Java not found at /mnt/Drive20T/scripts/metaRT/nano_gui/../nextflow_pipeline/bin/java-17
Using Java version:
openjdk version "11.0.25" 2024-10-15
OpenJDK Runtime Environment (build 11.0.25+9-post-Ubuntu-1ubuntu122.04)
OpenJDK 64-Bit Server VM (build 11.0.25+9-post-Ubuntu-1ubuntu122.04, mixed mode, sharing)
Found bundled Conda environment at: /mnt/Drive20T/scripts/metaRT/nano_gui/../nextflow_pipeline/bin/conda-env
Updated PATH to include Conda binaries.
Using Python executable: /mnt/Drive20T/scripts/metaRT/nano_gui/../nextflow_pipeline/bin/conda-env/bin/python
Executing python script...
Traceback (most recent call last):
  File "/mnt/Drive20T/scripts/metaRT/nano_gui/nanort_gui.py", line 14, in <module>
    from ui_windows.accumulation import AccumulationWindow
  File "/mnt/Drive20T/scripts/metaRT/nano_gui/ui_windows/accumulation.py", line 5, in <module>
    from interactive_plots.cumulative_widget import CumulativePlot
  File "/mnt/Drive20T/scripts/metaRT/nano_gui/interactive_plots/cumulative_widget.py", line 7, in <module>
    from .interactive_plot_widget import InteractivePlotWidget, MplCanvas
ImportError: cannot import name 'MplCanvas' from 'interactive_plots.interactive_plot_widget' (/mnt/Drive20T/scripts/metaRT/nano_gui/interactive_plots/interactive_plot_widget.py)
--- Python script finished with exit code: 1 ---
--- Starting NanoRT GUI at Mon Oct 13 02:35:20 PM PDT 2025 ---
ERROR: Bundled Java not found at /mnt/Drive20T/scripts/metaRT/nano_gui/../nextflow_pipeline/bin/java-17
Using Java version:
openjdk version "11.0.25" 2024-10-15
OpenJDK Runtime Environment (build 11.0.25+9-post-Ubuntu-1ubuntu122.04)
OpenJDK 64-Bit Server VM (build 11.0.25+9-post-Ubuntu-1ubuntu122.04, mixed mode, sharing)
Found bundled Conda environment at: /mnt/Drive20T/scripts/metaRT/nano_gui/../nextflow_pipeline/bin/conda-env
Updated PATH to include Conda binaries.
Using Python executable: /mnt/Drive20T/scripts/metaRT/nano_gui/../nextflow_pipeline/bin/conda-env/bin/python
Executing python script...
Traceback (most recent call last):
  File "/mnt/Drive20T/scripts/metaRT/nano_gui/nanort_gui.py", line 14, in <module>
    from ui_windows.accumulation import AccumulationWindow
  File "/mnt/Drive20T/scripts/metaRT/nano_gui/ui_windows/accumulation.py", line 5, in <module>
    from interactive_plots.cumulative_widget import CumulativePlot
  File "/mnt/Drive20T/scripts/metaRT/nano_gui/interactive_plots/cumulative_widget.py", line 7, in <module>
    from .interactive_plot_widget import InteractivePlotWidget, MplCanvas
ImportError: cannot import name 'MplCanvas' from 'interactive_plots.interactive_plot_widget' (/mnt/Drive20T/scripts/metaRT/nano_gui/interactive_plots/interactive_plot_widget.py)
--- Python script finished with exit code: 1 ---
--- Starting NanoRT GUI at Mon Oct 13 02:36:54 PM PDT 2025 ---
ERROR: Bundled Java not found at /mnt/Drive20T/scripts/metaRT/nano_gui/../nextflow_pipeline/bin/java-17
Using Java version:
openjdk version "23.0.2-internal" 2025-01-21
OpenJDK Runtime Environment (build 23.0.2-internal-adhoc.conda.src)
OpenJDK 64-Bit Server VM (build 23.0.2-internal-adhoc.conda.src, mixed mode, sharing)
Found bundled Conda environment at: /mnt/Drive20T/scripts/metaRT/nano_gui/../nextflow_pipeline/bin/conda-env
Updated PATH to include Conda binaries.
Using Python executable: /mnt/Drive20T/scripts/metaRT/nano_gui/../nextflow_pipeline/bin/conda-env/bin/python
Executing python script...
Traceback (most recent call last):
  File "/mnt/Drive20T/scripts/metaRT/nano_gui/nanort_gui.py", line 14, in <module>
    from ui_windows.accumulation import AccumulationWindow
  File "/mnt/Drive20T/scripts/metaRT/nano_gui/ui_windows/accumulation.py", line 5, in <module>
    from interactive_plots.cumulative_widget import CumulativePlot
  File "/mnt/Drive20T/scripts/metaRT/nano_gui/interactive_plots/cumulative_widget.py", line 7, in <module>
    from .interactive_plot_widget import InteractivePlotWidget, MplCanvas
ImportError: cannot import name 'MplCanvas' from 'interactive_plots.interactive_plot_widget' (/mnt/Drive20T/scripts/metaRT/nano_gui/interactive_plots/interactive_plot_widget.py)
--- Python script finished with exit code: 1 ---
--- Starting NanoRT GUI at Mon Oct 13 02:40:25 PM PDT 2025 ---
ERROR: Bundled Java not found at /mnt/Drive20T/scripts/metaRT/nano_gui/../nextflow_pipeline/bin/java-17
Using Java version:
openjdk version "11.0.25" 2024-10-15
OpenJDK Runtime Environment (build 11.0.25+9-post-Ubuntu-1ubuntu122.04)
OpenJDK 64-Bit Server VM (build 11.0.25+9-post-Ubuntu-1ubuntu122.04, mixed mode, sharing)
Found bundled Conda environment at: /mnt/Drive20T/scripts/metaRT/nano_gui/../nextflow_pipeline/bin/conda-env
Updated PATH to include Conda binaries.
Using Python executable: /mnt/Drive20T/scripts/metaRT/nano_gui/../nextflow_pipeline/bin/conda-env/bin/python
Executing python script...
Traceback (most recent call last):
  File "/mnt/Drive20T/scripts/metaRT/nano_gui/nanort_gui.py", line 14, in <module>
    from ui_windows.accumulation import AccumulationWindow
  File "/mnt/Drive20T/scripts/metaRT/nano_gui/ui_windows/accumulation.py", line 5, in <module>
    from interactive_plots.cumulative_widget import CumulativePlot
  File "/mnt/Drive20T/scripts/metaRT/nano_gui/interactive_plots/cumulative_widget.py", line 7, in <module>
    from .interactive_plot_widget import InteractivePlotWidget, MplCanvas
ImportError: cannot import name 'MplCanvas' from 'interactive_plots.interactive_plot_widget' (/mnt/Drive20T/scripts/metaRT/nano_gui/interactive_plots/interactive_plot_widget.py)
--- Python script finished with exit code: 1 ---
--- Starting NanoRT GUI at Mon Oct 13 02:42:40 PM PDT 2025 ---
ERROR: Bundled Java not found at /mnt/Drive20T/scripts/metaRT/nano_gui/../nextflow_pipeline/bin/java-17
Using Java version:
openjdk version "11.0.25" 2024-10-15
OpenJDK Runtime Environment (build 11.0.25+9-post-Ubuntu-1ubuntu122.04)
OpenJDK 64-Bit Server VM (build 11.0.25+9-post-Ubuntu-1ubuntu122.04, mixed mode, sharing)
Found bundled Conda environment at: /mnt/Drive20T/scripts/metaRT/nano_gui/../nextflow_pipeline/bin/conda-env
Updated PATH to include Conda binaries.
Using Python executable: /mnt/Drive20T/scripts/metaRT/nano_gui/../nextflow_pipeline/bin/conda-env/bin/python
Executing python script...
Traceback (most recent call last):
  File "/mnt/Drive20T/scripts/metaRT/nano_gui/nanort_gui.py", line 14, in <module>
    from ui_windows.accumulation import AccumulationWindow
  File "/mnt/Drive20T/scripts/metaRT/nano_gui/ui_windows/accumulation.py", line 5, in <module>
    from interactive_plots.cumulative_widget import CumulativePlot
  File "/mnt/Drive20T/scripts/metaRT/nano_gui/interactive_plots/cumulative_widget.py", line 7, in <module>
    from .interactive_plot_widget import InteractivePlotWidget, MplCanvas
ImportError: cannot import name 'MplCanvas' from 'interactive_plots.interactive_plot_widget' (/mnt/Drive20T/scripts/metaRT/nano_gui/interactive_plots/interactive_plot_widget.py)
--- Python script finished with exit code: 1 ---
--- Starting NanoRT GUI at Mon Oct 13 02:45:54 PM PDT 2025 ---
ERROR: Bundled Java not found at /mnt/Drive20T/scripts/metaRT/nano_gui/../nextflow_pipeline/bin/java-17
Using Java version:
openjdk version "11.0.25" 2024-10-15
OpenJDK Runtime Environment (build 11.0.25+9-post-Ubuntu-1ubuntu122.04)
OpenJDK 64-Bit Server VM (build 11.0.25+9-post-Ubuntu-1ubuntu122.04, mixed mode, sharing)
Found bundled Conda environment at: /mnt/Drive20T/scripts/metaRT/nano_gui/../nextflow_pipeline/bin/conda-env
Updated PATH to include Conda binaries.
Using Python executable: /mnt/Drive20T/scripts/metaRT/nano_gui/../nextflow_pipeline/bin/conda-env/bin/python
Executing python script...
--- Python script finished with exit code: 0 ---
--- Starting NanoRT GUI at Mon Oct 13 02:47:31 PM PDT 2025 ---
ERROR: Bundled Java not found at /mnt/Drive20T/scripts/metaRT/nano_gui/../nextflow_pipeline/bin/java-17
Using Java version:
openjdk version "11.0.25" 2024-10-15
OpenJDK Runtime Environment (build 11.0.25+9-post-Ubuntu-1ubuntu122.04)
OpenJDK 64-Bit Server VM (build 11.0.25+9-post-Ubuntu-1ubuntu122.04, mixed mode, sharing)
Found bundled Conda environment at: /mnt/Drive20T/scripts/metaRT/nano_gui/../nextflow_pipeline/bin/conda-env
Updated PATH to include Conda binaries.
Using Python executable: /mnt/Drive20T/scripts/metaRT/nano_gui/../nextflow_pipeline/bin/conda-env/bin/python
Executing python script...
Traceback (most recent call last):
  File "/mnt/Drive20T/scripts/metaRT/nano_gui/nanort_gui.py", line 92, in refresh_dashboard_views
    current_widget.update_data(config)
  File "/mnt/Drive20T/scripts/metaRT/nano_gui/ui_windows/accumulation.py", line 35, in update_data
    plot = CumulativePlot(barcode=barcode)
TypeError: __init__() got an unexpected keyword argument 'barcode'
Traceback (most recent call last):
  File "/mnt/Drive20T/scripts/metaRT/nano_gui/nanort_gui.py", line 92, in refresh_dashboard_views
    current_widget.update_data(config)
  File "/mnt/Drive20T/scripts/metaRT/nano_gui/ui_windows/accumulation.py", line 35, in update_data
    plot = CumulativePlot(barcode=barcode)
TypeError: __init__() got an unexpected keyword argument 'barcode'
Traceback (most recent call last):
  File "/mnt/Drive20T/scripts/metaRT/nano_gui/nanort_gui.py", line 92, in refresh_dashboard_views
    current_widget.update_data(config)
  File "/mnt/Drive20T/scripts/metaRT/nano_gui/ui_windows/accumulation.py", line 35, in update_data
    plot = CumulativePlot(barcode=barcode)
TypeError: __init__() got an unexpected keyword argument 'barcode'
Traceback (most recent call last):
  File "/mnt/Drive20T/scripts/metaRT/nano_gui/nanort_gui.py", line 92, in refresh_dashboard_views
    current_widget.update_data(config)
  File "/mnt/Drive20T/scripts/metaRT/nano_gui/ui_windows/accumulation.py", line 35, in update_data
    plot = CumulativePlot(barcode=barcode)
TypeError: __init__() got an unexpected keyword argument 'barcode'
Traceback (most recent call last):
  File "/mnt/Drive20T/scripts/metaRT/nano_gui/nanort_gui.py", line 92, in refresh_dashboard_views
    current_widget.update_data(config)
  File "/mnt/Drive20T/scripts/metaRT/nano_gui/ui_windows/accumulation.py", line 35, in update_data
    plot = CumulativePlot(barcode=barcode)
TypeError: __init__() got an unexpected keyword argument 'barcode'
Traceback (most recent call last):
  File "/mnt/Drive20T/scripts/metaRT/nano_gui/nanort_gui.py", line 92, in refresh_dashboard_views
    current_widget.update_data(config)
  File "/mnt/Drive20T/scripts/metaRT/nano_gui/ui_windows/accumulation.py", line 35, in update_data
    plot = CumulativePlot(barcode=barcode)
TypeError: __init__() got an unexpected keyword argument 'barcode'
Traceback (most recent call last):
  File "/mnt/Drive20T/scripts/metaRT/nano_gui/nanort_gui.py", line 92, in refresh_dashboard_views
    current_widget.update_data(config)
  File "/mnt/Drive20T/scripts/metaRT/nano_gui/ui_windows/accumulation.py", line 35, in update_data
    plot = CumulativePlot(barcode=barcode)
TypeError: __init__() got an unexpected keyword argument 'barcode'
Traceback (most recent call last):
  File "/mnt/Drive20T/scripts/metaRT/nano_gui/nanort_gui.py", line 92, in refresh_dashboard_views
    current_widget.update_data(config)
  File "/mnt/Drive20T/scripts/metaRT/nano_gui/ui_windows/accumulation.py", line 35, in update_data
    plot = CumulativePlot(barcode=barcode)
TypeError: __init__() got an unexpected keyword argument 'barcode'
Traceback (most recent call last):
  File "/mnt/Drive20T/scripts/metaRT/nano_gui/nanort_gui.py", line 92, in refresh_dashboard_views
    current_widget.update_data(config)
  File "/mnt/Drive20T/scripts/metaRT/nano_gui/ui_windows/accumulation.py", line 35, in update_data
    plot = CumulativePlot(barcode=barcode)
TypeError: __init__() got an unexpected keyword argument 'barcode'
Traceback (most recent call last):
  File "/mnt/Drive20T/scripts/metaRT/nano_gui/nanort_gui.py", line 92, in refresh_dashboard_views
    current_widget.update_data(config)
  File "/mnt/Drive20T/scripts/metaRT/nano_gui/ui_windows/accumulation.py", line 35, in update_data
    plot = CumulativePlot(barcode=barcode)
TypeError: __init__() got an unexpected keyword argument 'barcode'
QProcess: Destroyed while process ("/mnt/Drive20T/scripts/metaRT/nano_gui/../nextflow_pipeline/bin/conda-env/bin/python") is still running.
--- Python script finished with exit code: 0 ---
--- Starting NanoRT GUI at Mon Oct 13 03:13:06 PM PDT 2025 ---
ERROR: Bundled Java not found at /mnt/Drive20T/scripts/metaRT/nano_gui/../nextflow_pipeline/bin/java-17
Using Java version:
openjdk version "11.0.25" 2024-10-15
OpenJDK Runtime Environment (build 11.0.25+9-post-Ubuntu-1ubuntu122.04)
OpenJDK 64-Bit Server VM (build 11.0.25+9-post-Ubuntu-1ubuntu122.04, mixed mode, sharing)
Found bundled Conda environment at: /mnt/Drive20T/scripts/metaRT/nano_gui/../nextflow_pipeline/bin/conda-env
Updated PATH to include Conda binaries.
Using Python executable: /mnt/Drive20T/scripts/metaRT/nano_gui/../nextflow_pipeline/bin/conda-env/bin/python
Executing python script...
Traceback (most recent call last):
  File "/mnt/Drive20T/scripts/metaRT/nano_gui/nanort_gui.py", line 92, in refresh_dashboard_views
    current_widget.update_data(config)
  File "/mnt/Drive20T/scripts/metaRT/nano_gui/ui_windows/accumulation.py", line 35, in update_data
    plot = CumulativePlot(barcode=barcode)
TypeError: __init__() got an unexpected keyword argument 'barcode'
Traceback (most recent call last):
  File "/mnt/Drive20T/scripts/metaRT/nano_gui/nanort_gui.py", line 92, in refresh_dashboard_views
    current_widget.update_data(config)
  File "/mnt/Drive20T/scripts/metaRT/nano_gui/ui_windows/accumulation.py", line 35, in update_data
    plot = CumulativePlot(barcode=barcode)
TypeError: __init__() got an unexpected keyword argument 'barcode'
Traceback (most recent call last):
  File "/mnt/Drive20T/scripts/metaRT/nano_gui/nanort_gui.py", line 92, in refresh_dashboard_views
    current_widget.update_data(config)
  File "/mnt/Drive20T/scripts/metaRT/nano_gui/ui_windows/accumulation.py", line 35, in update_data
    plot = CumulativePlot(barcode=barcode)
TypeError: __init__() got an unexpected keyword argument 'barcode'
Traceback (most recent call last):
  File "/mnt/Drive20T/scripts/metaRT/nano_gui/nanort_gui.py", line 92, in refresh_dashboard_views
    current_widget.update_data(config)
  File "/mnt/Drive20T/scripts/metaRT/nano_gui/ui_windows/accumulation.py", line 35, in update_data
    plot = CumulativePlot(barcode=barcode)
TypeError: __init__() got an unexpected keyword argument 'barcode'
Traceback (most recent call last):
  File "/mnt/Drive20T/scripts/metaRT/nano_gui/nanort_gui.py", line 92, in refresh_dashboard_views
    current_widget.update_data(config)
  File "/mnt/Drive20T/scripts/metaRT/nano_gui/ui_windows/accumulation.py", line 35, in update_data
    plot = CumulativePlot(barcode=barcode)
TypeError: __init__() got an unexpected keyword argument 'barcode'
Traceback (most recent call last):
  File "/mnt/Drive20T/scripts/metaRT/nano_gui/nanort_gui.py", line 92, in refresh_dashboard_views
    current_widget.update_data(config)
  File "/mnt/Drive20T/scripts/metaRT/nano_gui/ui_windows/accumulation.py", line 35, in update_data
    plot = CumulativePlot(barcode=barcode)
TypeError: __init__() got an unexpected keyword argument 'barcode'
Traceback (most recent call last):
  File "/mnt/Drive20T/scripts/metaRT/nano_gui/nanort_gui.py", line 92, in refresh_dashboard_views
    current_widget.update_data(config)
  File "/mnt/Drive20T/scripts/metaRT/nano_gui/ui_windows/accumulation.py", line 35, in update_data
    plot = CumulativePlot(barcode=barcode)
TypeError: __init__() got an unexpected keyword argument 'barcode'
Traceback (most recent call last):
  File "/mnt/Drive20T/scripts/metaRT/nano_gui/nanort_gui.py", line 92, in refresh_dashboard_views
    current_widget.update_data(config)
  File "/mnt/Drive20T/scripts/metaRT/nano_gui/ui_windows/accumulation.py", line 35, in update_data
    plot = CumulativePlot(barcode=barcode)
TypeError: __init__() got an unexpected keyword argument 'barcode'
Traceback (most recent call last):
  File "/mnt/Drive20T/scripts/metaRT/nano_gui/nanort_gui.py", line 92, in refresh_dashboard_views
    current_widget.update_data(config)
  File "/mnt/Drive20T/scripts/metaRT/nano_gui/ui_windows/accumulation.py", line 35, in update_data
    plot = CumulativePlot(barcode=barcode)
TypeError: __init__() got an unexpected keyword argument 'barcode'
Traceback (most recent call last):
  File "/mnt/Drive20T/scripts/metaRT/nano_gui/nanort_gui.py", line 92, in refresh_dashboard_views
    current_widget.update_data(config)
  File "/mnt/Drive20T/scripts/metaRT/nano_gui/ui_windows/accumulation.py", line 35, in update_data
    plot = CumulativePlot(barcode=barcode)
TypeError: __init__() got an unexpected keyword argument 'barcode'
Traceback (most recent call last):
  File "/mnt/Drive20T/scripts/metaRT/nano_gui/nanort_gui.py", line 92, in refresh_dashboard_views
    current_widget.update_data(config)
  File "/mnt/Drive20T/scripts/metaRT/nano_gui/ui_windows/accumulation.py", line 35, in update_data
    plot = CumulativePlot(barcode=barcode)
TypeError: __init__() got an unexpected keyword argument 'barcode'
Traceback (most recent call last):
  File "/mnt/Drive20T/scripts/metaRT/nano_gui/nanort_gui.py", line 92, in refresh_dashboard_views
    current_widget.update_data(config)
  File "/mnt/Drive20T/scripts/metaRT/nano_gui/ui_windows/accumulation.py", line 35, in update_data
    plot = CumulativePlot(barcode=barcode)
TypeError: __init__() got an unexpected keyword argument 'barcode'
Traceback (most recent call last):
  File "/mnt/Drive20T/scripts/metaRT/nano_gui/nanort_gui.py", line 92, in refresh_dashboard_views
    current_widget.update_data(config)
  File "/mnt/Drive20T/scripts/metaRT/nano_gui/ui_windows/accumulation.py", line 35, in update_data
    plot = CumulativePlot(barcode=barcode)
TypeError: __init__() got an unexpected keyword argument 'barcode'
Traceback (most recent call last):
  File "/mnt/Drive20T/scripts/metaRT/nano_gui/nanort_gui.py", line 92, in refresh_dashboard_views
    current_widget.update_data(config)
  File "/mnt/Drive20T/scripts/metaRT/nano_gui/ui_windows/accumulation.py", line 35, in update_data
    plot = CumulativePlot(barcode=barcode)
TypeError: __init__() got an unexpected keyword argument 'barcode'
Traceback (most recent call last):
  File "/mnt/Drive20T/scripts/metaRT/nano_gui/nanort_gui.py", line 92, in refresh_dashboard_views
    current_widget.update_data(config)
  File "/mnt/Drive20T/scripts/metaRT/nano_gui/ui_windows/accumulation.py", line 35, in update_data
    plot = CumulativePlot(barcode=barcode)
TypeError: __init__() got an unexpected keyword argument 'barcode'
Traceback (most recent call last):
  File "/mnt/Drive20T/scripts/metaRT/nano_gui/nanort_gui.py", line 92, in refresh_dashboard_views
    current_widget.update_data(config)
  File "/mnt/Drive20T/scripts/metaRT/nano_gui/ui_windows/accumulation.py", line 35, in update_data
    plot = CumulativePlot(barcode=barcode)
TypeError: __init__() got an unexpected keyword argument 'barcode'
Traceback (most recent call last):
  File "/mnt/Drive20T/scripts/metaRT/nano_gui/nanort_gui.py", line 92, in refresh_dashboard_views
    current_widget.update_data(config)
  File "/mnt/Drive20T/scripts/metaRT/nano_gui/ui_windows/accumulation.py", line 35, in update_data
    plot = CumulativePlot(barcode=barcode)
TypeError: __init__() got an unexpected keyword argument 'barcode'
Traceback (most recent call last):
  File "/mnt/Drive20T/scripts/metaRT/nano_gui/nanort_gui.py", line 92, in refresh_dashboard_views
    current_widget.update_data(config)
  File "/mnt/Drive20T/scripts/metaRT/nano_gui/ui_windows/accumulation.py", line 35, in update_data
    plot = CumulativePlot(barcode=barcode)
TypeError: __init__() got an unexpected keyword argument 'barcode'
Traceback (most recent call last):
  File "/mnt/Drive20T/scripts/metaRT/nano_gui/nanort_gui.py", line 92, in refresh_dashboard_views
    current_widget.update_data(config)
  File "/mnt/Drive20T/scripts/metaRT/nano_gui/ui_windows/accumulation.py", line 35, in update_data
    plot = CumulativePlot(barcode=barcode)
TypeError: __init__() got an unexpected keyword argument 'barcode'
Traceback (most recent call last):
  File "/mnt/Drive20T/scripts/metaRT/nano_gui/nanort_gui.py", line 92, in refresh_dashboard_views
    current_widget.update_data(config)
  File "/mnt/Drive20T/scripts/metaRT/nano_gui/ui_windows/accumulation.py", line 35, in update_data
    plot = CumulativePlot(barcode=barcode)
TypeError: __init__() got an unexpected keyword argument 'barcode'
Traceback (most recent call last):
  File "/mnt/Drive20T/scripts/metaRT/nano_gui/nanort_gui.py", line 92, in refresh_dashboard_views
    current_widget.update_data(config)
  File "/mnt/Drive20T/scripts/metaRT/nano_gui/ui_windows/accumulation.py", line 35, in update_data
    plot = CumulativePlot(barcode=barcode)
TypeError: __init__() got an unexpected keyword argument 'barcode'
Traceback (most recent call last):
  File "/mnt/Drive20T/scripts/metaRT/nano_gui/nanort_gui.py", line 92, in refresh_dashboard_views
    current_widget.update_data(config)
  File "/mnt/Drive20T/scripts/metaRT/nano_gui/ui_windows/accumulation.py", line 35, in update_data
    plot = CumulativePlot(barcode=barcode)
TypeError: __init__() got an unexpected keyword argument 'barcode'
Traceback (most recent call last):
  File "/mnt/Drive20T/scripts/metaRT/nano_gui/nanort_gui.py", line 92, in refresh_dashboard_views
    current_widget.update_data(config)
  File "/mnt/Drive20T/scripts/metaRT/nano_gui/ui_windows/accumulation.py", line 35, in update_data
    plot = CumulativePlot(barcode=barcode)
TypeError: __init__() got an unexpected keyword argument 'barcode'
--- Python script finished with exit code: 0 ---
--- Starting NanoRT GUI at Tue Oct 14 11:58:48 AM PDT 2025 ---
ERROR: Bundled Java not found at /mnt/Drive20T/scripts/metaRT/nano_gui/../nextflow_pipeline/bin/java-17
Using Java version:
openjdk version "11.0.25" 2024-10-15
OpenJDK Runtime Environment (build 11.0.25+9-post-Ubuntu-1ubuntu122.04)
OpenJDK 64-Bit Server VM (build 11.0.25+9-post-Ubuntu-1ubuntu122.04, mixed mode, sharing)
Found bundled Conda environment at: /mnt/Drive20T/scripts/metaRT/nano_gui/../nextflow_pipeline/bin/conda-env
Updated PATH to include Conda binaries.
Using Python executable: /mnt/Drive20T/scripts/metaRT/nano_gui/../nextflow_pipeline/bin/conda-env/bin/python
Executing python script...
Traceback (most recent call last):
  File "/mnt/Drive20T/scripts/metaRT/nano_gui/nanort_gui.py", line 14, in <module>
    from ui_windows.accumulation import AccumulationWindow
  File "/mnt/Drive20T/scripts/metaRT/nano_gui/ui_windows/accumulation.py", line 6, in <module>
    from ..interactive_plots.cumulative_widget import CumulativePlot
ImportError: attempted relative import beyond top-level package
--- Python script finished with exit code: 1 ---
--- Starting NanoRT GUI at Tue Oct 14 11:59:42 AM PDT 2025 ---
ERROR: Bundled Java not found at /mnt/Drive20T/scripts/metaRT/nano_gui/../nextflow_pipeline/bin/java-17
Using Java version:
openjdk version "11.0.25" 2024-10-15
OpenJDK Runtime Environment (build 11.0.25+9-post-Ubuntu-1ubuntu122.04)
OpenJDK 64-Bit Server VM (build 11.0.25+9-post-Ubuntu-1ubuntu122.04, mixed mode, sharing)
Found bundled Conda environment at: /mnt/Drive20T/scripts/metaRT/nano_gui/../nextflow_pipeline/bin/conda-env
Updated PATH to include Conda binaries.
Using Python executable: /mnt/Drive20T/scripts/metaRT/nano_gui/../nextflow_pipeline/bin/conda-env/bin/python
Executing python script...
Traceback (most recent call last):
  File "/mnt/Drive20T/scripts/metaRT/nano_gui/nanort_gui.py", line 14, in <module>
    from ui_windows.accumulation import AccumulationWindow
  File "/mnt/Drive20T/scripts/metaRT/nano_gui/ui_windows/accumulation.py", line 6, in <module>
    from ..interactive_plots.cumulative_widget import CumulativePlot
ImportError: attempted relative import beyond top-level package
--- Python script finished with exit code: 1 ---
--- Starting NanoRT GUI at Tue Oct 14 12:02:20 PM PDT 2025 ---
ERROR: Bundled Java not found at /mnt/Drive20T/scripts/metaRT/nano_gui/../nextflow_pipeline/bin/java-17
Using Java version:
openjdk version "11.0.25" 2024-10-15
OpenJDK Runtime Environment (build 11.0.25+9-post-Ubuntu-1ubuntu122.04)
OpenJDK 64-Bit Server VM (build 11.0.25+9-post-Ubuntu-1ubuntu122.04, mixed mode, sharing)
Found bundled Conda environment at: /mnt/Drive20T/scripts/metaRT/nano_gui/../nextflow_pipeline/bin/conda-env
Updated PATH to include Conda binaries.
Using Python executable: /mnt/Drive20T/scripts/metaRT/nano_gui/../nextflow_pipeline/bin/conda-env/bin/python
Executing python script...
QProcess: Destroyed while process ("/mnt/Drive20T/scripts/metaRT/nano_gui/../nextflow_pipeline/bin/conda-env/bin/python") is still running.
--- Python script finished with exit code: 0 ---
--- Starting NanoRT GUI at Tue Oct 14 12:28:31 PM PDT 2025 ---
ERROR: Bundled Java not found at /mnt/Drive20T/scripts/metaRT/nano_gui/../nextflow_pipeline/bin/java-17
Using Java version:
openjdk version "11.0.25" 2024-10-15
OpenJDK Runtime Environment (build 11.0.25+9-post-Ubuntu-1ubuntu122.04)
OpenJDK 64-Bit Server VM (build 11.0.25+9-post-Ubuntu-1ubuntu122.04, mixed mode, sharing)
Found bundled Conda environment at: /mnt/Drive20T/scripts/metaRT/nano_gui/../nextflow_pipeline/bin/conda-env
Updated PATH to include Conda binaries.
Using Python executable: /mnt/Drive20T/scripts/metaRT/nano_gui/../nextflow_pipeline/bin/conda-env/bin/python
Executing python script...
QProcess: Destroyed while process ("/mnt/Drive20T/scripts/metaRT/nano_gui/../nextflow_pipeline/bin/conda-env/bin/python") is still running.
--- Python script finished with exit code: 0 ---
--- Starting NanoRT GUI at Tue Oct 14 12:34:42 PM PDT 2025 ---
ERROR: Bundled Java not found at /mnt/Drive20T/scripts/metaRT/nano_gui/../nextflow_pipeline/bin/java-17
Using Java version:
openjdk version "11.0.25" 2024-10-15
OpenJDK Runtime Environment (build 11.0.25+9-post-Ubuntu-1ubuntu122.04)
OpenJDK 64-Bit Server VM (build 11.0.25+9-post-Ubuntu-1ubuntu122.04, mixed mode, sharing)
Found bundled Conda environment at: /mnt/Drive20T/scripts/metaRT/nano_gui/../nextflow_pipeline/bin/conda-env
Updated PATH to include Conda binaries.
Using Python executable: /mnt/Drive20T/scripts/metaRT/nano_gui/../nextflow_pipeline/bin/conda-env/bin/python
Executing python script...
--- Python script finished with exit code: 0 ---
--- Starting NanoRT GUI at Tue Oct 14 12:44:59 PM PDT 2025 ---
ERROR: Bundled Java not found at /mnt/Drive20T/scripts/metaRT/nano_gui/../nextflow_pipeline/bin/java-17
Using Java version:
openjdk version "11.0.25" 2024-10-15
OpenJDK Runtime Environment (build 11.0.25+9-post-Ubuntu-1ubuntu122.04)
OpenJDK 64-Bit Server VM (build 11.0.25+9-post-Ubuntu-1ubuntu122.04, mixed mode, sharing)
Found bundled Conda environment at: /mnt/Drive20T/scripts/metaRT/nano_gui/../nextflow_pipeline/bin/conda-env
Updated PATH to include Conda binaries.
Using Python executable: /mnt/Drive20T/scripts/metaRT/nano_gui/../nextflow_pipeline/bin/conda-env/bin/python
Executing python script...
--- Starting NanoRT GUI at Wed Oct 22 05:01:50 PM PDT 2025 ---
ERROR: Bundled Java not found at /mnt/Drive20T/scripts/metaRT/nano_gui/../nextflow_pipeline/bin/java-17
Using Java version:
openjdk version "11.0.25" 2024-10-15
OpenJDK Runtime Environment (build 11.0.25+9-post-Ubuntu-1ubuntu122.04)
OpenJDK 64-Bit Server VM (build 11.0.25+9-post-Ubuntu-1ubuntu122.04, mixed mode, sharing)
Found bundled Conda environment at: /mnt/Drive20T/scripts/metaRT/nano_gui/../nextflow_pipeline/bin/conda-env
Updated PATH to include Conda binaries.
Using Python executable: /mnt/Drive20T/scripts/metaRT/nano_gui/../nextflow_pipeline/bin/conda-env/bin/python
Executing python script...
QProcess: Destroyed while process ("/mnt/Drive20T/scripts/metaRT/nano_gui/../nextflow_pipeline/bin/conda-env/bin/python") is still running.
--- Python script finished with exit code: 0 ---
